{"numFailedTestSuites":0,"numFailedTests":0,"numPassedTestSuites":1,"numPassedTests":11,"numPendingTestSuites":0,"numPendingTests":0,"numRuntimeErrorTestSuites":0,"numTodoTests":0,"numTotalTestSuites":1,"numTotalTests":11,"openHandles":[],"snapshot":{"added":0,"didUpdate":false,"failure":false,"filesAdded":0,"filesRemoved":0,"filesRemovedList":[],"filesUnmatched":0,"filesUpdated":0,"matched":0,"total":0,"unchecked":0,"uncheckedKeysByFile":[],"unmatched":0,"updated":0},"startTime":1780851334189,"success":true,"testResults":[{"assertionResults":[{"ancestorTitles":[],"duration":444,"failing":false,"failureDetails":[],"failureMessages":[],"fullName":"GET /test - server is alive","invocations":1,"location":null,"numPassingAsserts":1,"retryReasons":[],"startAt":1780851334477,"status":"passed","title":"GET /test - server is alive"},{"ancestorTitles":[],"duration":150,"failing":false,"failureDetails":[],"failureMessages":[],"fullName":"GET /gym-sessions - returns an array","invocations":1,"location":null,"numPassingAsserts":2,"retryReasons":[],"startAt":1780851334922,"status":"passed","title":"GET /gym-sessions - returns an array"},{"ancestorTitles":[],"duration":122,"failing":false,"failureDetails":[],"failureMessages":[],"fullName":"POST /gym-sessions - creates a session","invocations":1,"location":null,"numPassingAsserts":3,"retryReasons":[],"startAt":1780851335072,"status":"passed","title":"POST /gym-sessions - creates a session"},{"ancestorTitles":[],"duration":123,"failing":false,"failureDetails":[],"failureMessages":[],"fullName":"POST /gym-sessions - returns 400 with empty array","invocations":1,"location":null,"numPassingAsserts":1,"retryReasons":[],"startAt":1780851335194,"status":"passed","title":"POST /gym-sessions - returns 400 with empty array"},{"ancestorTitles":[],"duration":312,"failing":false,"failureDetails":[],"failureMessages":[],"fullName":"PUT /gym-sessions/:id - returns 404 for missing id","invocations":1,"location":null,"numPassingAsserts":1,"retryReasons":[],"startAt":1780851335317,"status":"passed","title":"PUT /gym-sessions/:id - returns 404 for missing id"},{"ancestorTitles":[],"duration":111,"failing":false,"failureDetails":[],"failureMessages":[],"fullName":"DELETE /gym-sessions/:id - returns 404 for missing id","invocations":1,"location":null,"numPassingAsserts":1,"retryReasons":[],"startAt":1780851335630,"status":"passed","title":"DELETE /gym-sessions/:id - returns 404 for missing id"},{"ancestorTitles":[],"duration":111,"failing":false,"failureDetails":[],"failureMessages":[],"fullName":"GET /swim-sessions - returns an array","invocations":1,"location":null,"numPassingAsserts":2,"retryReasons":[],"startAt":1780851335742,"status":"passed","title":"GET /swim-sessions - returns an array"},{"ancestorTitles":[],"duration":117,"failing":false,"failureDetails":[],"failureMessages":[],"fullName":"POST /swim-sessions - creates a session","invocations":1,"location":null,"numPassingAsserts":3,"retryReasons":[],"startAt":1780851335853,"status":"passed","title":"POST /swim-sessions - creates a session"},{"ancestorTitles":[],"duration":112,"failing":false,"failureDetails":[],"failureMessages":[],"fullName":"GET /week-start-date - returns weekStartDate field","invocations":1,"location":null,"numPassingAsserts":2,"retryReasons":[],"startAt":1780851335970,"status":"passed","title":"GET /week-start-date - returns weekStartDate field"},{"ancestorTitles":[],"duration":111,"failing":false,"failureDetails":[],"failureMessages":[],"fullName":"PUT /week-start-date - updates the date","invocations":1,"location":null,"numPassingAsserts":3,"retryReasons":[],"startAt":1780851336082,"status":"passed","title":"PUT /week-start-date - updates the date"},{"ancestorTitles":[],"duration":113,"failing":false,"failureDetails":[],"failureMessages":[],"fullName":"PUT /week-start-date - returns 400 with no date","invocations":1,"location":null,"numPassingAsserts":1,"retryReasons":[],"startAt":1780851336193,"status":"passed","title":"PUT /week-start-date - returns 400 with no date"}],"endTime":1780851336308,"message":"","name":"/home/runner/work/sessions/sessions/backend/api.test.js","startTime":1780851334228,"status":"passed","summary":""}],"wasInterrupted":false}
