{"numFailedTestSuites":1,"numFailedTests":2,"numPassedTestSuites":0,"numPassedTests":9,"numPendingTestSuites":0,"numPendingTests":0,"numRuntimeErrorTestSuites":0,"numTodoTests":0,"numTotalTestSuites":1,"numTotalTests":11,"openHandles":[],"snapshot":{"added":0,"didUpdate":false,"failure":false,"filesAdded":0,"filesRemoved":0,"filesRemovedList":[],"filesUnmatched":0,"filesUpdated":0,"matched":0,"total":0,"unchecked":0,"uncheckedKeysByFile":[],"unmatched":0,"updated":0},"startTime":1780853983319,"success":false,"testResults":[{"assertionResults":[{"ancestorTitles":[],"duration":5002,"failing":false,"failureDetails":[{"message":"thrown: \"Exceeded timeout of 5000 ms for a test.\nAdd a timeout value to this test to increase the timeout, if this is a long-running test. See https://jestjs.io/docs/api#testname-fn-timeout.\""}],"failureMessages":["Error: thrown: \"Exceeded timeout of 5000 ms for a test.\nAdd a timeout value to this test to increase the timeout, if this is a long-running test. See https://jestjs.io/docs/api#testname-fn-timeout.\"\n    at Object.test (/home/runner/work/sessions/sessions/backend/api.test.js:14:1)\n    at ModuleExecutor.exec (/home/runner/work/sessions/sessions/backend/node_modules/jest-runtime/build/index.js:2078:26)\n    at CjsLoader.loadModule (/home/runner/work/sessions/sessions/backend/node_modules/jest-runtime/build/index.js:323:36)\n    at CjsLoader.requireModule (/home/runner/work/sessions/sessions/backend/node_modules/jest-runtime/build/index.js:289:12)\n    at Runtime.requireModule (/home/runner/work/sessions/sessions/backend/node_modules/jest-runtime/build/index.js:3657:27)\n    at jestAdapter (/home/runner/work/sessions/sessions/backend/node_modules/jest-circus/build/runner.js:96:13)\n    at processTicksAndRejections (node:internal/process/task_queues:95:5)\n    at runTestInternal (/home/runner/work/sessions/sessions/backend/node_modules/jest-runner/build/index.js:276:16)\n    at runTest (/home/runner/work/sessions/sessions/backend/node_modules/jest-runner/build/index.js:344:7)"],"fullName":"GET /test - server is alive","invocations":1,"location":null,"numPassingAsserts":0,"retryReasons":[],"startAt":1780853983615,"status":"failed","title":"GET /test - server is alive"},{"ancestorTitles":[],"duration":5001,"failing":false,"failureDetails":[{"message":"thrown: \"Exceeded timeout of 5000 ms for a test.\nAdd a timeout value to this test to increase the timeout, if this is a long-running test. See https://jestjs.io/docs/api#testname-fn-timeout.\""}],"failureMessages":["Error: thrown: \"Exceeded timeout of 5000 ms for a test.\nAdd a timeout value to this test to increase the timeout, if this is a long-running test. See https://jestjs.io/docs/api#testname-fn-timeout.\"\n    at Object.test (/home/runner/work/sessions/sessions/backend/api.test.js:20:1)\n    at ModuleExecutor.exec (/home/runner/work/sessions/sessions/backend/node_modules/jest-runtime/build/index.js:2078:26)\n    at CjsLoader.loadModule (/home/runner/work/sessions/sessions/backend/node_modules/jest-runtime/build/index.js:323:36)\n    at CjsLoader.requireModule (/home/runner/work/sessions/sessions/backend/node_modules/jest-runtime/build/index.js:289:12)\n    at Runtime.requireModule (/home/runner/work/sessions/sessions/backend/node_modules/jest-runtime/build/index.js:3657:27)\n    at jestAdapter (/home/runner/work/sessions/sessions/backend/node_modules/jest-circus/build/runner.js:96:13)\n    at processTicksAndRejections (node:internal/process/task_queues:95:5)\n    at runTestInternal (/home/runner/work/sessions/sessions/backend/node_modules/jest-runner/build/index.js:276:16)\n    at runTest (/home/runner/work/sessions/sessions/backend/node_modules/jest-runner/build/index.js:344:7)"],"fullName":"GET /gym-sessions - returns an array","invocations":1,"location":null,"numPassingAsserts":0,"retryReasons":[],"startAt":1780853988624,"status":"failed","title":"GET /gym-sessions - returns an array"},{"ancestorTitles":[],"duration":2193,"failing":false,"failureDetails":[],"failureMessages":[],"fullName":"POST /gym-sessions - creates a session","invocations":1,"location":null,"numPassingAsserts":3,"retryReasons":[],"startAt":1780853993626,"status":"passed","title":"POST /gym-sessions - creates a session"},{"ancestorTitles":[],"duration":117,"failing":false,"failureDetails":[],"failureMessages":[],"fullName":"POST /gym-sessions - returns 400 with empty array","invocations":1,"location":null,"numPassingAsserts":3,"retryReasons":[],"startAt":1780853995819,"status":"passed","title":"POST /gym-sessions - returns 400 with empty array"},{"ancestorTitles":[],"duration":112,"failing":false,"failureDetails":[],"failureMessages":[],"fullName":"PUT /gym-sessions/:id - returns 404 for missing id","invocations":1,"location":null,"numPassingAsserts":2,"retryReasons":[],"startAt":1780853995936,"status":"passed","title":"PUT /gym-sessions/:id - returns 404 for missing id"},{"ancestorTitles":[],"duration":113,"failing":false,"failureDetails":[],"failureMessages":[],"fullName":"DELETE /gym-sessions/:id - returns 404 for missing id","invocations":1,"location":null,"numPassingAsserts":1,"retryReasons":[],"startAt":1780853996048,"status":"passed","title":"DELETE /gym-sessions/:id - returns 404 for missing id"},{"ancestorTitles":[],"duration":107,"failing":false,"failureDetails":[],"failureMessages":[],"fullName":"GET /swim-sessions - returns an array","invocations":1,"location":null,"numPassingAsserts":2,"retryReasons":[],"startAt":1780853996162,"status":"passed","title":"GET /swim-sessions - returns an array"},{"ancestorTitles":[],"duration":111,"failing":false,"failureDetails":[],"failureMessages":[],"fullName":"POST /swim-sessions - creates a session","invocations":1,"location":null,"numPassingAsserts":3,"retryReasons":[],"startAt":1780853996270,"status":"passed","title":"POST /swim-sessions - creates a session"},{"ancestorTitles":[],"duration":105,"failing":false,"failureDetails":[],"failureMessages":[],"fullName":"GET /week-start-date - returns weekStartDate field","invocations":1,"location":null,"numPassingAsserts":2,"retryReasons":[],"startAt":1780853996381,"status":"passed","title":"GET /week-start-date - returns weekStartDate field"},{"ancestorTitles":[],"duration":108,"failing":false,"failureDetails":[],"failureMessages":[],"fullName":"PUT /week-start-date - updates the date","invocations":1,"location":null,"numPassingAsserts":3,"retryReasons":[],"startAt":1780853996487,"status":"passed","title":"PUT /week-start-date - updates the date"},{"ancestorTitles":[],"duration":109,"failing":false,"failureDetails":[],"failureMessages":[],"fullName":"PUT /week-start-date - returns 400 with no date","invocations":1,"location":null,"numPassingAsserts":1,"retryReasons":[],"startAt":1780853996595,"status":"passed","title":"PUT /week-start-date - returns 400 with no date"}],"endTime":1780853996722,"message":"  ● GET /test - server is alive\n\n    thrown: \"Exceeded timeout of 5000 ms for a test.\n    Add a timeout value to this test to increase the timeout, if this is a long-running test. See https://jestjs.io/docs/api#testname-fn-timeout.\"\n\n    \u001b[0m \u001b[90m 12 |\u001b[39m\n     \u001b[90m 13 |\u001b[39m \u001b[90m// -------------------- /test --------------------\u001b[39m\n    \u001b[31m\u001b[1m>\u001b[22m\u001b[39m\u001b[90m 14 |\u001b[39m test(\u001b[32m\"GET /test - server is alive\"\u001b[39m\u001b[33m,\u001b[39m \u001b[36masync\u001b[39m () \u001b[33m=>\u001b[39m {\n     \u001b[90m    |\u001b[39m \u001b[31m\u001b[1m^\u001b[22m\u001b[39m\n     \u001b[90m 15 |\u001b[39m   \u001b[36mconst\u001b[39m res \u001b[33m=\u001b[39m \u001b[36mawait\u001b[39m api(\u001b[32m\"GET\"\u001b[39m\u001b[33m,\u001b[39m \u001b[32m\"/test\"\u001b[39m)\u001b[33m;\u001b[39m\n     \u001b[90m 16 |\u001b[39m   expect(res\u001b[33m.\u001b[39mstatus)\u001b[33m.\u001b[39mtoBe(\u001b[35m200\u001b[39m)\u001b[33m;\u001b[39m\n     \u001b[90m 17 |\u001b[39m })\u001b[33m;\u001b[39m\u001b[0m\n\n      at Object.test (api.test.js:14:1)\n\n  ● GET /gym-sessions - returns an array\n\n    thrown: \"Exceeded timeout of 5000 ms for a test.\n    Add a timeout value to this test to increase the timeout, if this is a long-running test. See https://jestjs.io/docs/api#testname-fn-timeout.\"\n\n    \u001b[0m \u001b[90m 18 |\u001b[39m\n     \u001b[90m 19 |\u001b[39m \u001b[90m// -------------------- /gym-sessions --------------------\u001b[39m\n    \u001b[31m\u001b[1m>\u001b[22m\u001b[39m\u001b[90m 20 |\u001b[39m test(\u001b[32m\"GET /gym-sessions - returns an array\"\u001b[39m\u001b[33m,\u001b[39m \u001b[36masync\u001b[39m () \u001b[33m=>\u001b[39m {\n     \u001b[90m    |\u001b[39m \u001b[31m\u001b[1m^\u001b[22m\u001b[39m\n     \u001b[90m 21 |\u001b[39m   \u001b[36mconst\u001b[39m res \u001b[33m=\u001b[39m \u001b[36mawait\u001b[39m api(\u001b[32m\"GET\"\u001b[39m\u001b[33m,\u001b[39m \u001b[32m\"/gym-sessions\"\u001b[39m)\u001b[33m;\u001b[39m\n     \u001b[90m 22 |\u001b[39m   expect(res\u001b[33m.\u001b[39mstatus)\u001b[33m.\u001b[39mtoBe(\u001b[35m200\u001b[39m)\u001b[33m;\u001b[39m\n     \u001b[90m 23 |\u001b[39m   \u001b[36mconst\u001b[39m data \u001b[33m=\u001b[39m \u001b[36mawait\u001b[39m res\u001b[33m.\u001b[39mjson()\u001b[33m;\u001b[39m\u001b[0m\n\n      at Object.test (api.test.js:20:1)\n","name":"/home/runner/work/sessions/sessions/backend/api.test.js","startTime":1780853983361,"status":"failed","summary":""}],"wasInterrupted":false}
